#
# A fatal error has been detected by the Java Runtime Environment:
#
#  EXCEPTION_ACCESS_VIOLATION (0xc0000005) at pc=0x00007ffb2e59fdc4, pid=7808, tid=6728
#
# JRE version: OpenJDK Runtime Environment (17.0.6) (build 17.0.6+0-b2043.56-10027231)
# Java VM: OpenJDK 64-Bit Server VM (17.0.6+0-b2043.56-10027231, mixed mode, tiered, compressed oops, compressed class ptrs, g1 gc, windows-amd64)
# Problematic frame:
# V  [jvm.dll+0x1bfdc4]
#
# No core dump will be written. Minidumps are not enabled by default on client versions of Windows
#
# If you would like to submit a bug report, please visit:
#   https://bugreport.java.com/bugreport/crash.jsp
#

---------------  S U M M A R Y ------------

Command Line: --add-opens=java.base/java.util=ALL-UNNAMED --add-opens=java.base/java.lang=ALL-UNNAMED --add-opens=java.base/java.lang.invoke=ALL-UNNAMED --add-opens=java.prefs/java.util.prefs=ALL-UNNAMED --add-opens=java.base/java.nio.charset=ALL-UNNAMED --add-opens=java.base/java.net=ALL-UNNAMED --add-opens=java.base/java.util.concurrent.atomic=ALL-UNNAMED -Xmx2048m -Dfile.encoding=UTF-8 -Duser.country=US -Duser.language=en -Duser.variant org.gradle.launcher.daemon.bootstrap.GradleDaemon 8.0

Host: AMD Ryzen 7 3700X 8-Core Processor             , 16 cores, 31G,  Windows 10 , 64 bit Build 19041 (10.0.19041.3570)
Time: Tue Oct 24 18:52:02 2023 Canada Central Standard Time elapsed time: 3.072964 seconds (0d 0h 0m 3s)

---------------  T H R E A D  ---------------

Current thread (0x00000259a088dd90):  JavaThread "C2 CompilerThread1" daemon [_thread_in_native, id=6728, stack(0x000000e91a300000,0x000000e91a400000)]


Current CompileTask:
C2:   3073 2996   !   4       java.lang.reflect.Executable::declaredAnnotations (85 bytes)

Stack: [0x000000e91a300000,0x000000e91a400000],  sp=0x000000e91a3fbb30,  free space=1006k
Native frames: (J=compiled Java code, j=interpreted, Vv=VM code, C=native code)
V  [jvm.dll+0x1bfdc4]
V  [jvm.dll+0x332ead]
V  [jvm.dll+0x3323da]
V  [jvm.dll+0x21c201]
V  [jvm.dll+0x21b621]
V  [jvm.dll+0x1a4fdd]
V  [jvm.dll+0x22b098]
V  [jvm.dll+0x229159]
V  [jvm.dll+0x7f81ec]
V  [jvm.dll+0x7f274a]
V  [jvm.dll+0x682ad5]
C  [ucrtbase.dll+0x21bb2]
C  [KERNEL32.DLL+0x17344]
C  [ntdll.dll+0x526b1]


siginfo: EXCEPTION_ACCESS_VIOLATION (0xc0000005), reading address 0x00000259a1a14000


Register to memory mapping:

RIP=0x00007ffb2e59fdc4 jvm.dll
RAX=0x00000259a1908a90 points into unknown readable memory: 0x0000000000000000 | 00 00 00 00 00 00 00 00
RBX=0x00000259a1908a50 points into unknown readable memory: 0x00007ffb2ec9f7d0 | d0 f7 c9 2e fb 7f 00 00
RCX=0x00000000000216af is an unknown value
RDX=0x00000000000216ae is an unknown value
RSP=0x000000e91a3fbb30 is pointing into the stack for thread: 0x00000259a088dd90
RBP=0x0000000000000006 is an unknown value
RSI=0x00000259a5a0d150 points into unknown readable memory: 0x00007ffb2ed0a580 | 80 a5 d0 2e fb 7f 00 00
RDI=0x0 is NULL
R8 =0xffffffffffffffff is an unknown value
R9 =0x0000000020000008 is an unknown value
R10=0x0 is NULL
R11=0x000000e91a3fbb40 is pointing into the stack for thread: 0x00000259a088dd90
R12=0x0000000000000320 is an unknown value
R13=0x0000000000001e3d is an unknown value
R14=0x0000000000000030 is an unknown value
R15=0x000000e91a3fbc60 is pointing into the stack for thread: 0x00000259a088dd90


Registers:
RAX=0x00000259a1908a90, RBX=0x00000259a1908a50, RCX=0x00000000000216af, RDX=0x00000000000216ae
RSP=0x000000e91a3fbb30, RBP=0x0000000000000006, RSI=0x00000259a5a0d150, RDI=0x0000000000000000
R8 =0xffffffffffffffff, R9 =0x0000000020000008, R10=0x0000000000000000, R11=0x000000e91a3fbb40
R12=0x0000000000000320, R13=0x0000000000001e3d, R14=0x0000000000000030, R15=0x000000e91a3fbc60
RIP=0x00007ffb2e59fdc4, EFLAGS=0x0000000000010207

Top of Stack: (sp=0x000000e91a3fbb30)
0x000000e91a3fbb30:   00000259a09205d8 0000000000000000
0x000000e91a3fbb40:   000000e91a3fbbc8 00007ffb2e74698a
0x000000e91a3fbb50:   0000000000000000 00000259a43a4b00
0x000000e91a3fbb60:   00000000000003d8 00000259a43a4af0
0x000000e91a3fbb70:   000000e91a3fc050 00007ffb2e712ead
0x000000e91a3fbb80:   000000000000000d 00000000ffffff01
0x000000e91a3fbb90:   000000e91a3fbc80 00000259a43a4ed8
0x000000e91a3fbba0:   000000007fffff01 0000000000000000
0x000000e91a3fbbb0:   00000000c90007ce 00000000000000e1
0x000000e91a3fbbc0:   0000000082bd0101 0000000000000006
0x000000e91a3fbbd0:   00000259a43a4af0 00000259a43a4af0
0x000000e91a3fbbe0:   00000259a43a4b00 00000259a43a4ed8
0x000000e91a3fbbf0:   00000000000003d8 00000259a405d6f0
0x000000e91a3fbc00:   00000259a40650e0 00000259a405d700
0x000000e91a3fbc10:   000002599fc3dcc0 0000000000000100
0x000000e91a3fbc20:   00000259a405d300 00007ffb00000100 

Instructions: (pc=0x00007ffb2e59fdc4)
0x00007ffb2e59fcc4:   0f 94 c0 48 83 c4 20 5b c3 cc cc cc 44 8b d2 41
0x00007ffb2e59fcd4:   3b d0 7c 47 41 8d 80 c0 02 00 00 3b d0 7d 3c 44
0x00007ffb2e59fce4:   8b ca 45 2b c8 41 8b c1 83 e0 3f 0f b6 d0 41 8b
0x00007ffb2e59fcf4:   c1 48 c1 e8 06 48 8b 44 c1 38 48 0f a3 d0 73 1b
0x00007ffb2e59fd04:   0f b7 81 9c 00 00 00 83 f8 01 74 0c 8d 48 ff 8b
0x00007ffb2e59fd14:   c1 41 23 c2 3b c1 75 03 b0 01 c3 32 c0 c3 cc cc
0x00007ffb2e59fd24:   cc cc cc cc cc cc cc cc cc cc cc cc 40 57 41 57
0x00007ffb2e59fd34:   48 83 ec 38 4c 8b 41 48 33 ff 48 89 5c 24 58 4c
0x00007ffb2e59fd44:   8b f9 48 89 74 24 68 4c 89 64 24 30 44 8b e7 4c
0x00007ffb2e59fd54:   89 6c 24 28 44 8b ef 41 39 78 40 0f 86 ba 00 00
0x00007ffb2e59fd64:   00 48 89 6c 24 60 4c 89 74 24 20 90 49 8b 40 30
0x00007ffb2e59fd74:   8b ef 41 8b d4 48 8b 34 d0 8b 46 28 89 44 24 50
0x00007ffb2e59fd84:   85 c0 0f 84 7c 00 00 00 4c 8b f7 90 3b 6e 18 73
0x00007ffb2e59fd94:   0a 48 8b 46 20 49 8b 1c 06 eb 03 48 8b df 48 8b
0x00007ffb2e59fda4:   03 48 8b cb ff 50 78 4c 8b c7 44 8b 48 5c 8b 48
0x00007ffb2e59fdb4:   58 41 3b c9 77 1f 66 0f 1f 44 00 00 8b d1 ff c1
0x00007ffb2e59fdc4:   4c 0b 04 d0 41 3b c9 76 f3 4d 85 c0 74 07 8b 53
0x00007ffb2e59fdd4:   28 8b c2 eb 05 8b 43 28 8b d7 48 63 c8 49 8b 87
0x00007ffb2e59fde4:   08 01 00 00 89 14 88 8b 43 28 41 3b c5 41 0f 46
0x00007ffb2e59fdf4:   c5 ff c5 49 83 c6 08 44 8b e8 3b 6c 24 50 72 8c
0x00007ffb2e59fe04:   4d 8b 47 48 41 ff c4 45 3b 60 40 0f 82 5b ff ff
0x00007ffb2e59fe14:   ff 4c 8b 74 24 20 48 8b 6c 24 60 4c 8b 64 24 30
0x00007ffb2e59fe24:   41 8d 75 01 4c 8b 6c 24 28 49 8d 9f e8 00 00 00
0x00007ffb2e59fe34:   41 89 b7 e0 00 00 00 8b 03 3b f0 7c 33 3b 73 04
0x00007ffb2e59fe44:   7c 0c 8b d6 48 8b cb e8 50 a2 ef ff 8b 03 48 63
0x00007ffb2e59fe54:   c8 48 63 d6 48 3b ca 7d 12 0f 1f 00 48 8b 43 08
0x00007ffb2e59fe64:   89 3c 88 48 ff c1 48 3b ca 7c f1 8d 46 01 89 03
0x00007ffb2e59fe74:   48 8b 43 08 48 8b 5c 24 58 48 63 ce 48 8b 74 24
0x00007ffb2e59fe84:   68 89 3c 88 41 39 bf e0 00 00 00 76 18 49 8b 87
0x00007ffb2e59fe94:   f0 00 00 00 48 63 cf 89 3c 88 ff c7 41 3b bf e0
0x00007ffb2e59fea4:   00 00 00 72 e8 48 83 c4 38 41 5f 5f c3 cc cc cc
0x00007ffb2e59feb4:   cc cc cc cc cc cc cc cc cc cc cc cc 48 89 5c 24 


Stack slot to memory mapping:
stack at sp + 0 slots: 0x00000259a09205d8 points into unknown readable memory: 0x00007ffb2ed05928 | 28 59 d0 2e fb 7f 00 00
stack at sp + 1 slots: 0x0 is NULL
stack at sp + 2 slots: 0x000000e91a3fbbc8 is pointing into the stack for thread: 0x00000259a088dd90
stack at sp + 3 slots: 0x00007ffb2e74698a jvm.dll
stack at sp + 4 slots: 0x0 is NULL
stack at sp + 5 slots: 0x00000259a43a4b00 points into unknown readable memory: 0x00007ffb2ed2d948 | 48 d9 d2 2e fb 7f 00 00
stack at sp + 6 slots: 0x00000000000003d8 is an unknown value
stack at sp + 7 slots: 0x00000259a43a4af0 points into unknown readable memory: 0x0000000000000000 | 00 00 00 00 00 00 00 00


---------------  P R O C E S S  ---------------

Threads class SMR info:
_java_thread_list=0x00000259a5e8a1d0, length=41, elements={
0x0000025984f4a700, 0x000002599f998260, 0x000002599f998fe0, 0x000002599f982230,
0x000002599f982cf0, 0x000002599f983ac0, 0x000002599f984790, 0x000002599f9beb50,
0x000002599f9caa10, 0x000002599f9d6300, 0x000002599fb2fd50, 0x000002599fb41200,
0x000002599fb436e0, 0x00000259a088dd90, 0x00000259a13e79e0, 0x00000259a0b426c0,
0x00000259a1ebced0, 0x00000259a35c45b0, 0x00000259a194b5e0, 0x00000259a2c74360,
0x00000259a1449cf0, 0x00000259a0ee8400, 0x00000259a2bb7de0, 0x00000259a2d318a0,
0x00000259a134fba0, 0x00000259a134f200, 0x00000259a1350540, 0x00000259a1350070,
0x00000259a134f6d0, 0x00000259a1350a10, 0x00000259a44c7ad0, 0x00000259a1350ee0,
0x00000259a134ed30, 0x00000259a1351d50, 0x00000259a1351880, 0x00000259a13513b0,
0x00000259a134e860, 0x00000259a1352220, 0x00000259a5e165b0, 0x00000259a5e0f700,
0x00000259a5e148d0
}

Java Threads: ( => current thread )
  0x0000025984f4a700 JavaThread "main" [_thread_blocked, id=24492, stack(0x000000e918f00000,0x000000e919000000)]
  0x000002599f998260 JavaThread "Reference Handler" daemon [_thread_blocked, id=24440, stack(0x000000e919600000,0x000000e919700000)]
  0x000002599f998fe0 JavaThread "Finalizer" daemon [_thread_blocked, id=4376, stack(0x000000e919700000,0x000000e919800000)]
  0x000002599f982230 JavaThread "Signal Dispatcher" daemon [_thread_blocked, id=1076, stack(0x000000e919800000,0x000000e919900000)]
  0x000002599f982cf0 JavaThread "Attach Listener" daemon [_thread_blocked, id=13576, stack(0x000000e919900000,0x000000e919a00000)]
  0x000002599f983ac0 JavaThread "Service Thread" daemon [_thread_blocked, id=13708, stack(0x000000e919a00000,0x000000e919b00000)]
  0x000002599f984790 JavaThread "Monitor Deflation Thread" daemon [_thread_blocked, id=11468, stack(0x000000e919b00000,0x000000e919c00000)]
  0x000002599f9beb50 JavaThread "C2 CompilerThread0" daemon [_thread_blocked, id=11940, stack(0x000000e919c00000,0x000000e919d00000)]
  0x000002599f9caa10 JavaThread "C1 CompilerThread0" daemon [_thread_blocked, id=7288, stack(0x000000e919d00000,0x000000e919e00000)]
  0x000002599f9d6300 JavaThread "Sweeper thread" daemon [_thread_blocked, id=22276, stack(0x000000e919e00000,0x000000e919f00000)]
  0x000002599fb2fd50 JavaThread "C1 CompilerThread1" daemon [_thread_blocked, id=15064, stack(0x000000e919f00000,0x000000e91a000000)]
  0x000002599fb41200 JavaThread "Common-Cleaner" daemon [_thread_blocked, id=6312, stack(0x000000e91a000000,0x000000e91a100000)]
  0x000002599fb436e0 JavaThread "Notification Thread" daemon [_thread_blocked, id=19276, stack(0x000000e91a100000,0x000000e91a200000)]
=>0x00000259a088dd90 JavaThread "C2 CompilerThread1" daemon [_thread_in_native, id=6728, stack(0x000000e91a300000,0x000000e91a400000)]
  0x00000259a13e79e0 JavaThread "C1 CompilerThread2" daemon [_thread_blocked, id=12976, stack(0x000000e91a600000,0x000000e91a700000)]
  0x00000259a0b426c0 JavaThread "C1 CompilerThread3" daemon [_thread_blocked, id=13956, stack(0x000000e91a700000,0x000000e91a800000)]
  0x00000259a1ebced0 JavaThread "C2 CompilerThread2" daemon [_thread_blocked, id=21140, stack(0x000000e91a400000,0x000000e91a500000)]
  0x00000259a35c45b0 JavaThread "Daemon health stats" [_thread_blocked, id=6620, stack(0x000000e91a500000,0x000000e91a600000)]
  0x00000259a194b5e0 JavaThread "Incoming local TCP Connector on port 54065" [_thread_in_native, id=10888, stack(0x000000e91b300000,0x000000e91b400000)]
  0x00000259a2c74360 JavaThread "Daemon periodic checks" [_thread_blocked, id=3548, stack(0x000000e91b400000,0x000000e91b500000)]
  0x00000259a1449cf0 JavaThread "Daemon" [_thread_blocked, id=12648, stack(0x000000e91b500000,0x000000e91b600000)]
  0x00000259a0ee8400 JavaThread "Handler for socket connection from /127.0.0.1:54065 to /127.0.0.1:54068" [_thread_in_native, id=12888, stack(0x000000e91b600000,0x000000e91b700000)]
  0x00000259a2bb7de0 JavaThread "Cancel handler" [_thread_blocked, id=10248, stack(0x000000e91b700000,0x000000e91b800000)]
  0x00000259a2d318a0 JavaThread "Daemon worker" [_thread_in_native, id=17712, stack(0x000000e91b800000,0x000000e91b900000)]
  0x00000259a134fba0 JavaThread "Asynchronous log dispatcher for DefaultDaemonConnection: socket connection from /127.0.0.1:54065 to /127.0.0.1:54068" [_thread_blocked, id=23928, stack(0x000000e91b900000,0x000000e91ba00000)]
  0x00000259a134f200 JavaThread "Stdin handler" [_thread_blocked, id=15568, stack(0x000000e91ba00000,0x000000e91bb00000)]
  0x00000259a1350540 JavaThread "Daemon client event forwarder" [_thread_blocked, id=696, stack(0x000000e91bb00000,0x000000e91bc00000)]
  0x00000259a1350070 JavaThread "Cache worker for journal cache (C:\Users\johnl\.gradle\caches\journal-1)" [_thread_blocked, id=8740, stack(0x000000e91bf00000,0x000000e91c000000)]
  0x00000259a134f6d0 JavaThread "File lock request listener" [_thread_in_native, id=9664, stack(0x000000e91c000000,0x000000e91c100000)]
  0x00000259a1350a10 JavaThread "Cache worker for file hash cache (C:\Users\johnl\.gradle\caches\8.0\fileHashes)" [_thread_blocked, id=17188, stack(0x000000e91c100000,0x000000e91c200000)]
  0x00000259a44c7ad0 JavaThread "C2 CompilerThread3" daemon [_thread_in_native, id=18136, stack(0x000000e91c200000,0x000000e91c300000)]
  0x00000259a1350ee0 JavaThread "File watcher server" daemon [_thread_in_native, id=24072, stack(0x000000e91c300000,0x000000e91c400000)]
  0x00000259a134ed30 JavaThread "File watcher consumer" daemon [_thread_blocked, id=13192, stack(0x000000e91c400000,0x000000e91c500000)]
  0x00000259a1351d50 JavaThread "Cache worker for checksums cache (C:\Users\johnl\Desktop\Project32\journalapp\.gradle\8.0\checksums)" [_thread_blocked, id=9928, stack(0x000000e91c500000,0x000000e91c600000)]
  0x00000259a1351880 JavaThread "Cache worker for cache directory md-rule (C:\Users\johnl\.gradle\caches\8.0\md-rule)" [_thread_blocked, id=14992, stack(0x000000e91c600000,0x000000e91c700000)]
  0x00000259a13513b0 JavaThread "Cache worker for file content cache (C:\Users\johnl\.gradle\caches\8.0\fileContent)" [_thread_blocked, id=13196, stack(0x000000e91c700000,0x000000e91c800000)]
  0x00000259a134e860 JavaThread "Cache worker for file hash cache (C:\Users\johnl\Desktop\Project32\journalapp\.gradle\8.0\fileHashes)" [_thread_blocked, id=24088, stack(0x000000e91c800000,0x000000e91c900000)]
  0x00000259a1352220 JavaThread "Cache worker for cache directory md-supplier (C:\Users\johnl\.gradle\caches\8.0\md-supplier)" [_thread_blocked, id=20824, stack(0x000000e91c900000,0x000000e91ca00000)]
  0x00000259a5e165b0 JavaThread "Cache worker for execution history cache (C:\Users\johnl\.gradle\caches\8.0\executionHistory)" [_thread_blocked, id=22236, stack(0x000000e91ca00000,0x000000e91cb00000)]
  0x00000259a5e0f700 JavaThread "jar transforms" [_thread_blocked, id=13028, stack(0x000000e91cb00000,0x000000e91cc00000)]
  0x00000259a5e148d0 JavaThread "jar transforms Thread 2" [_thread_blocked, id=21880, stack(0x000000e91cc00000,0x000000e91cd00000)]

Other Threads:
  0x000002599f86eab0 VMThread "VM Thread" [stack: 0x000000e919500000,0x000000e919600000] [id=22916]
  0x000002599fb3eed0 WatcherThread [stack: 0x000000e91a200000,0x000000e91a300000] [id=20324]
  0x0000025984fa86a0 GCTaskThread "GC Thread#0" [stack: 0x000000e919000000,0x000000e919100000] [id=22740]
  0x00000259a1316040 GCTaskThread "GC Thread#1" [stack: 0x000000e91a800000,0x000000e91a900000] [id=8388]
  0x00000259a08d65d0 GCTaskThread "GC Thread#2" [stack: 0x000000e91a900000,0x000000e91aa00000] [id=23200]
  0x00000259a13162f0 GCTaskThread "GC Thread#3" [stack: 0x000000e91aa00000,0x000000e91ab00000] [id=3764]
  0x00000259a1500d40 GCTaskThread "GC Thread#4" [stack: 0x000000e91ab00000,0x000000e91ac00000] [id=14064]
  0x00000259a0a6a560 GCTaskThread "GC Thread#5" [stack: 0x000000e91ac00000,0x000000e91ad00000] [id=8120]
  0x00000259a0a6b3f0 GCTaskThread "GC Thread#6" [stack: 0x000000e91ad00000,0x000000e91ae00000] [id=1588]
  0x00000259a16b1fd0 GCTaskThread "GC Thread#7" [stack: 0x000000e91ae00000,0x000000e91af00000] [id=19252]
  0x00000259a16b2280 GCTaskThread "GC Thread#8" [stack: 0x000000e91af00000,0x000000e91b000000] [id=3900]
  0x00000259a0e96dc0 GCTaskThread "GC Thread#9" [stack: 0x000000e91b000000,0x000000e91b100000] [id=8948]
  0x00000259a0e97810 GCTaskThread "GC Thread#10" [stack: 0x000000e91b100000,0x000000e91b200000] [id=20048]
  0x00000259a0e97ac0 GCTaskThread "GC Thread#11" [stack: 0x000000e91b200000,0x000000e91b300000] [id=23944]
  0x00000259a1b3c700 GCTaskThread "GC Thread#12" [stack: 0x000000e91bc00000,0x000000e91bd00000] [id=20332]
  0x0000025984fb94f0 ConcurrentGCThread "G1 Main Marker" [stack: 0x000000e919100000,0x000000e919200000] [id=3948]
  0x0000025984fba5b0 ConcurrentGCThread "G1 Conc#0" [stack: 0x000000e919200000,0x000000e919300000] [id=23808]
  0x00000259a1b3c1a0 ConcurrentGCThread "G1 Conc#1" [stack: 0x000000e91bd00000,0x000000e91be00000] [id=8524]
  0x00000259a1b3d470 ConcurrentGCThread "G1 Conc#2" [stack: 0x000000e91be00000,0x000000e91bf00000] [id=13716]
  0x000002598501ecc0 ConcurrentGCThread "G1 Refine#0" [stack: 0x000000e919300000,0x000000e919400000] [id=23628]
  0x000002599f7c5d60 ConcurrentGCThread "G1 Service" [stack: 0x000000e919400000,0x000000e919500000] [id=4112]

Threads with active compile tasks:
C2 CompilerThread1     3097 2996   !   4       java.lang.reflect.Executable::declaredAnnotations (85 bytes)
C2 CompilerThread3     3097 3015       4       java.lang.invoke.MethodType::makeImpl (109 bytes)

VM state: not at safepoint (normal execution)

VM Mutex/Monitor currently owned by a thread: None

Heap address: 0x0000000080000000, size: 2048 MB, Compressed Oops mode: 32-bit

CDS archive(s) not mapped
Compressed class space mapped at: 0x0000000100000000-0x0000000140000000, reserved size: 1073741824
Narrow klass base: 0x0000000000000000, Narrow klass shift: 3, Narrow klass range: 0x140000000

GC Precious Log:
 CPUs: 16 total, 16 available
 Memory: 32694M
 Large Page Support: Disabled
 NUMA Support: Disabled
 Compressed Oops: Enabled (32-bit)
 Heap Region Size: 1M
 Heap Min Capacity: 8M
 Heap Initial Capacity: 512M
 Heap Max Capacity: 2G
 Pre-touch: Disabled
 Parallel Workers: 13
 Concurrent Workers: 3
 Concurrent Refinement Workers: 13
 Periodic GC: Disabled

Heap:
 garbage-first heap   total 68608K, used 47921K [0x0000000080000000, 0x0000000100000000)
  region size 1024K, 30 young (30720K), 4 survivors (4096K)
 Metaspace       used 34576K, committed 34880K, reserved 1081344K
  class space    used 4762K, committed 4928K, reserved 1048576K

Heap Regions: E=young(eden), S=young(survivor), O=old, HS=humongous(starts), HC=humongous(continues), CS=collection set, F=free, OA=open archive, CA=closed archive, TAMS=top-at-mark-start (previous, next)
|   0|0x0000000080000000, 0x0000000080100000, 0x0000000080100000|100%|HS|  |TAMS 0x0000000080100000, 0x0000000080000000| Complete 
|   1|0x0000000080100000, 0x0000000080200000, 0x0000000080200000|100%|HC|  |TAMS 0x0000000080200000, 0x0000000080100000| Complete 
|   2|0x0000000080200000, 0x0000000080300000, 0x0000000080300000|100%|HC|  |TAMS 0x0000000080300000, 0x0000000080200000| Complete 
|   3|0x0000000080300000, 0x0000000080400000, 0x0000000080400000|100%|HC|  |TAMS 0x0000000080400000, 0x0000000080300000| Complete 
|   4|0x0000000080400000, 0x0000000080500000, 0x0000000080500000|100%| O|  |TAMS 0x0000000080500000, 0x0000000080400000| Untracked 
|   5|0x0000000080500000, 0x0000000080600000, 0x0000000080600000|100%| O|  |TAMS 0x0000000080600000, 0x0000000080500000| Untracked 
|   6|0x0000000080600000, 0x0000000080700000, 0x0000000080700000|100%| O|  |TAMS 0x0000000080700000, 0x0000000080600000| Untracked 
|   7|0x0000000080700000, 0x0000000080800000, 0x0000000080800000|100%| O|  |TAMS 0x0000000080700000, 0x0000000080700000| Untracked 
|   8|0x0000000080800000, 0x0000000080900000, 0x0000000080900000|100%| O|  |TAMS 0x0000000080900000, 0x0000000080800000| Untracked 
|   9|0x0000000080900000, 0x0000000080a00000, 0x0000000080a00000|100%| O|  |TAMS 0x0000000080a00000, 0x0000000080900000| Untracked 
|  10|0x0000000080a00000, 0x0000000080b00000, 0x0000000080b00000|100%| O|  |TAMS 0x0000000080b00000, 0x0000000080a00000| Untracked 
|  11|0x0000000080b00000, 0x0000000080b4ba00, 0x0000000080c00000| 29%| O|  |TAMS 0x0000000080b4ba00, 0x0000000080b00000| Untracked 
|  12|0x0000000080c00000, 0x0000000080d00000, 0x0000000080d00000|100%| O|  |TAMS 0x0000000080c00000, 0x0000000080c00000| Untracked 
|  13|0x0000000080d00000, 0x0000000080e00000, 0x0000000080e00000|100%| O|  |TAMS 0x0000000080d00000, 0x0000000080d00000| Untracked 
|  14|0x0000000080e00000, 0x0000000080f00000, 0x0000000080f00000|100%| O|  |TAMS 0x0000000080e00000, 0x0000000080e00000| Untracked 
|  15|0x0000000080f00000, 0x0000000081000000, 0x0000000081000000|100%| O|  |TAMS 0x0000000080f00000, 0x0000000080f00000| Untracked 
|  16|0x0000000081000000, 0x0000000081100000, 0x0000000081100000|100%| O|  |TAMS 0x0000000081000000, 0x0000000081000000| Untracked 
|  17|0x0000000081100000, 0x0000000081200000, 0x0000000081200000|100%| O|  |TAMS 0x0000000081100000, 0x0000000081100000| Untracked 
|  18|0x0000000081200000, 0x00000000812daa00, 0x0000000081300000| 85%| O|  |TAMS 0x0000000081200000, 0x0000000081200000| Untracked 
|  19|0x0000000081300000, 0x0000000081300000, 0x0000000081400000|  0%| F|  |TAMS 0x0000000081300000, 0x0000000081300000| Untracked 
|  20|0x0000000081400000, 0x0000000081400000, 0x0000000081500000|  0%| F|  |TAMS 0x0000000081400000, 0x0000000081400000| Untracked 
|  21|0x0000000081500000, 0x0000000081500000, 0x0000000081600000|  0%| F|  |TAMS 0x0000000081500000, 0x0000000081500000| Untracked 
|  22|0x0000000081600000, 0x0000000081600000, 0x0000000081700000|  0%| F|  |TAMS 0x0000000081600000, 0x0000000081600000| Untracked 
|  23|0x0000000081700000, 0x0000000081700000, 0x0000000081800000|  0%| F|  |TAMS 0x0000000081700000, 0x0000000081700000| Untracked 
|  24|0x0000000081800000, 0x0000000081800000, 0x0000000081900000|  0%| F|  |TAMS 0x0000000081800000, 0x0000000081800000| Untracked 
|  25|0x0000000081900000, 0x0000000081900000, 0x0000000081a00000|  0%| F|  |TAMS 0x0000000081900000, 0x0000000081900000| Untracked 
|  26|0x0000000081a00000, 0x0000000081a00000, 0x0000000081b00000|  0%| F|  |TAMS 0x0000000081a00000, 0x0000000081a00000| Untracked 
|  27|0x0000000081b00000, 0x0000000081b00000, 0x0000000081c00000|  0%| F|  |TAMS 0x0000000081b00000, 0x0000000081b00000| Untracked 
|  28|0x0000000081c00000, 0x0000000081c00000, 0x0000000081d00000|  0%| F|  |TAMS 0x0000000081c00000, 0x0000000081c00000| Untracked 
|  29|0x0000000081d00000, 0x0000000081d00000, 0x0000000081e00000|  0%| F|  |TAMS 0x0000000081d00000, 0x0000000081d00000| Untracked 
|  30|0x0000000081e00000, 0x0000000081e00000, 0x0000000081f00000|  0%| F|  |TAMS 0x0000000081e00000, 0x0000000081e00000| Untracked 
|  31|0x0000000081f00000, 0x0000000081f00000, 0x0000000082000000|  0%| F|  |TAMS 0x0000000081f00000, 0x0000000081f00000| Untracked 
|  32|0x0000000082000000, 0x0000000082000000, 0x0000000082100000|  0%| F|  |TAMS 0x0000000082000000, 0x0000000082000000| Untracked 
|  33|0x0000000082100000, 0x0000000082100000, 0x0000000082200000|  0%| F|  |TAMS 0x0000000082100000, 0x0000000082100000| Untracked 
|  34|0x0000000082200000, 0x0000000082200000, 0x0000000082300000|  0%| F|  |TAMS 0x0000000082200000, 0x0000000082200000| Untracked 
|  35|0x0000000082300000, 0x0000000082300000, 0x0000000082400000|  0%| F|  |TAMS 0x0000000082300000, 0x0000000082300000| Untracked 
|  36|0x0000000082400000, 0x0000000082400000, 0x0000000082500000|  0%| F|  |TAMS 0x0000000082400000, 0x0000000082400000| Untracked 
|  37|0x0000000082500000, 0x0000000082600000, 0x0000000082600000|100%| E|  |TAMS 0x0000000082500000, 0x0000000082500000| Complete 
|  38|0x0000000082600000, 0x00000000826a61a0, 0x0000000082700000| 64%| S|CS|TAMS 0x0000000082600000, 0x0000000082600000| Complete 
|  39|0x0000000082700000, 0x0000000082800000, 0x0000000082800000|100%| S|CS|TAMS 0x0000000082700000, 0x0000000082700000| Complete 
|  40|0x0000000082800000, 0x0000000082900000, 0x0000000082900000|100%| S|CS|TAMS 0x0000000082800000, 0x0000000082800000| Complete 
|  41|0x0000000082900000, 0x0000000082a00000, 0x0000000082a00000|100%| S|CS|TAMS 0x0000000082900000, 0x0000000082900000| Complete 
|  42|0x0000000082a00000, 0x0000000082b00000, 0x0000000082b00000|100%| E|CS|TAMS 0x0000000082a00000, 0x0000000082a00000| Complete 
|  43|0x0000000082b00000, 0x0000000082c00000, 0x0000000082c00000|100%| E|CS|TAMS 0x0000000082b00000, 0x0000000082b00000| Complete 
|  44|0x0000000082c00000, 0x0000000082d00000, 0x0000000082d00000|100%| E|CS|TAMS 0x0000000082c00000, 0x0000000082c00000| Complete 
|  45|0x0000000082d00000, 0x0000000082e00000, 0x0000000082e00000|100%| E|CS|TAMS 0x0000000082d00000, 0x0000000082d00000| Complete 
|  46|0x0000000082e00000, 0x0000000082f00000, 0x0000000082f00000|100%| E|CS|TAMS 0x0000000082e00000, 0x0000000082e00000| Complete 
|  47|0x0000000082f00000, 0x0000000083000000, 0x0000000083000000|100%| E|CS|TAMS 0x0000000082f00000, 0x0000000082f00000| Complete 
|  48|0x0000000083000000, 0x0000000083100000, 0x0000000083100000|100%| E|CS|TAMS 0x0000000083000000, 0x0000000083000000| Complete 
|  49|0x0000000083100000, 0x0000000083200000, 0x0000000083200000|100%| E|CS|TAMS 0x0000000083100000, 0x0000000083100000| Complete 
|  50|0x0000000083200000, 0x0000000083300000, 0x0000000083300000|100%| E|CS|TAMS 0x0000000083200000, 0x0000000083200000| Complete 
|  51|0x0000000083300000, 0x0000000083400000, 0x0000000083400000|100%| E|CS|TAMS 0x0000000083300000, 0x0000000083300000| Complete 
|  52|0x0000000083400000, 0x0000000083500000, 0x0000000083500000|100%| E|CS|TAMS 0x0000000083400000, 0x0000000083400000| Complete 
|  53|0x0000000083500000, 0x0000000083600000, 0x0000000083600000|100%| E|CS|TAMS 0x0000000083500000, 0x0000000083500000| Complete 
|  54|0x0000000083600000, 0x0000000083700000, 0x0000000083700000|100%| E|CS|TAMS 0x0000000083600000, 0x0000000083600000| Complete 
|  55|0x0000000083700000, 0x0000000083800000, 0x0000000083800000|100%| E|CS|TAMS 0x0000000083700000, 0x0000000083700000| Complete 
|  56|0x0000000083800000, 0x0000000083900000, 0x0000000083900000|100%| E|CS|TAMS 0x0000000083800000, 0x0000000083800000| Complete 
|  57|0x0000000083900000, 0x0000000083a00000, 0x0000000083a00000|100%| E|CS|TAMS 0x0000000083900000, 0x0000000083900000| Complete 
| 464|0x000000009d000000, 0x000000009d100000, 0x000000009d100000|100%| E|CS|TAMS 0x000000009d000000, 0x000000009d000000| Complete 
| 465|0x000000009d100000, 0x000000009d200000, 0x000000009d200000|100%| E|CS|TAMS 0x000000009d100000, 0x000000009d100000| Complete 
| 466|0x000000009d200000, 0x000000009d300000, 0x000000009d300000|100%| E|CS|TAMS 0x000000009d200000, 0x000000009d200000| Complete 
| 467|0x000000009d300000, 0x000000009d400000, 0x000000009d400000|100%| E|CS|TAMS 0x000000009d300000, 0x000000009d300000| Complete 
| 468|0x000000009d400000, 0x000000009d500000, 0x000000009d500000|100%| E|CS|TAMS 0x000000009d400000, 0x000000009d400000| Complete 
| 469|0x000000009d500000, 0x000000009d600000, 0x000000009d600000|100%| E|CS|TAMS 0x000000009d500000, 0x000000009d500000| Complete 
| 470|0x000000009d600000, 0x000000009d700000, 0x000000009d700000|100%| E|CS|TAMS 0x000000009d600000, 0x000000009d600000| Complete 
| 471|0x000000009d700000, 0x000000009d800000, 0x000000009d800000|100%| E|CS|TAMS 0x000000009d700000, 0x000000009d700000| Complete 
| 511|0x000000009ff00000, 0x00000000a0000000, 0x00000000a0000000|100%| E|CS|TAMS 0x000000009ff00000, 0x000000009ff00000| Complete 

Card table byte_map: [0x00000259980a0000,0x00000259984a0000] _byte_map_base: 0x0000025997ca0000

Marking Bits (Prev, Next): (CMBitMap*) 0x0000025984fa8c00, (CMBitMap*) 0x0000025984fa8bc0
 Prev Bits: [0x000002599a8a0000, 0x000002599c8a0000)
 Next Bits: [0x00000259988a0000, 0x000002599a8a0000)

Polling page: 0x0000025982e80000

Metaspace:

Usage:
  Non-class:     29.15 MB used.
      Class:      4.66 MB used.
       Both:     33.81 MB used.

Virtual space:
  Non-class space:       32.00 MB reserved,      29.31 MB ( 92%) committed,  4 nodes.
      Class space:        1.00 GB reserved,       4.81 MB ( <1%) committed,  1 nodes.
             Both:        1.03 GB reserved,      34.12 MB (  3%) committed. 

Chunk freelists:
   Non-Class:  2.53 MB
       Class:  3.08 MB
        Both:  5.61 MB

MaxMetaspaceSize: unlimited
CompressedClassSpaceSize: 1.00 GB
Initial GC threshold: 21.00 MB
Current GC threshold: 35.12 MB
CDS: off
MetaspaceReclaimPolicy: balanced
 - commit_granule_bytes: 65536.
 - commit_granule_words: 8192.
 - virtual_space_node_default_size: 1048576.
 - enlarge_chunks_in_place: 1.
 - new_chunks_are_fully_committed: 0.
 - uncommit_free_chunks: 1.
 - use_allocation_guard: 0.
 - handle_deallocations: 1.


Internal statistics:

num_allocs_failed_limit: 3.
num_arena_births: 276.
num_arena_deaths: 0.
num_vsnodes_births: 5.
num_vsnodes_deaths: 0.
num_space_committed: 546.
num_space_uncommitted: 0.
num_chunks_returned_to_freelist: 3.
num_chunks_taken_from_freelist: 1259.
num_chunk_merges: 3.
num_chunk_splits: 824.
num_chunks_enlarged: 593.
num_purges: 0.
num_inconsistent_stats: 0.

CodeHeap 'non-profiled nmethods': size=119168Kb used=1677Kb max_used=1677Kb free=117491Kb
 bounds [0x000002598ffc0000, 0x0000025990230000, 0x0000025997420000]
CodeHeap 'profiled nmethods': size=119104Kb used=6789Kb max_used=6789Kb free=112314Kb
 bounds [0x0000025988420000, 0x0000025988ad0000, 0x000002598f870000]
CodeHeap 'non-nmethods': size=7488Kb used=2923Kb max_used=2977Kb free=4564Kb
 bounds [0x000002598f870000, 0x000002598fb70000, 0x000002598ffc0000]
 total_blobs=3680 nmethods=3136 adapters=453
 compilation: enabled
              stopped_count=0, restarted_count=0
 full_count=0

Compilation events (20 events):
Event: 3.045 Thread 0x000002599fb2fd50 3089       1       java.lang.invoke.DirectMethodHandle$Special::isInvokeSpecial (2 bytes)
Event: 3.045 Thread 0x00000259a13e79e0 nmethod 3082 0x0000025988aa4d10 code [0x0000025988aa5240, 0x0000025988aa7ef8]
Event: 3.045 Thread 0x00000259a0b426c0 3090       3       jdk.internal.org.objectweb.asm.MethodVisitor::visitMaxs (17 bytes)
Event: 3.045 Thread 0x00000259a13e79e0 3091       3       jdk.internal.org.objectweb.asm.MethodVisitor::visitEnd (15 bytes)
Event: 3.045 Thread 0x000002599f9caa10 nmethod 3088 0x0000025988aa9090 code [0x0000025988aa9260, 0x0000025988aa9518]
Event: 3.046 Thread 0x000002599fb2fd50 nmethod 3089 0x0000025990158390 code [0x0000025990158520, 0x00000259901585f8]
Event: 3.046 Thread 0x00000259a0b426c0 nmethod 3090 0x0000025988aa9690 code [0x0000025988aa9840, 0x0000025988aa9a48]
Event: 3.046 Thread 0x00000259a13e79e0 nmethod 3091 0x0000025988aa9b10 code [0x0000025988aa9cc0, 0x0000025988aa9ec8]
Event: 3.047 Thread 0x00000259a13e79e0 3094       3       java.lang.invoke.MethodHandles$Lookup::getDirectConstructor (10 bytes)
Event: 3.047 Thread 0x000002599f9caa10 3096       3       java.lang.invoke.DirectMethodHandle$Constructor::viewAsType (49 bytes)
Event: 3.048 Thread 0x00000259a13e79e0 nmethod 3094 0x0000025988aa9f90 code [0x0000025988aaa120, 0x0000025988aaa268]
Event: 3.048 Thread 0x000002599f9caa10 nmethod 3096 0x0000025988aaa310 code [0x0000025988aaa4c0, 0x0000025988aaa688]
Event: 3.063 Thread 0x00000259a1ebced0 nmethod 3087 0x0000025990158a90 code [0x0000025990158c60, 0x0000025990159290]
Event: 3.063 Thread 0x000002599f9caa10 3097       3       java.util.concurrent.atomic.AtomicReferenceArray::length (6 bytes)
Event: 3.063 Thread 0x00000259a1ebced0 3093  s    4       java.io.BufferedInputStream::read (49 bytes)
Event: 3.063 Thread 0x000002599f9caa10 nmethod 3097 0x0000025988aaa790 code [0x0000025988aaa920, 0x0000025988aaaa38]
Event: 3.065 Thread 0x000002599fb2fd50 3103       3       com.google.common.io.CountingInputStream::read (25 bytes)
Event: 3.065 Thread 0x00000259a1ebced0 nmethod 3093 0x0000025990159790 code [0x0000025990159920, 0x0000025990159ce8]
Event: 3.065 Thread 0x000002599fb2fd50 nmethod 3103 0x0000025988aaab10 code [0x0000025988aaacc0, 0x0000025988aaaee8]
Event: 3.065 Thread 0x00000259a1ebced0 3101       4       java.io.DataInputStream::readFully (59 bytes)

GC Heap History (10 events):
Event: 0.788 GC heap before
{Heap before GC invocations=0 (full 0):
 garbage-first heap   total 524288K, used 29696K [0x0000000080000000, 0x0000000100000000)
  region size 1024K, 25 young (25600K), 0 survivors (0K)
 Metaspace       used 10262K, committed 10368K, reserved 1064960K
  class space    used 1047K, committed 1088K, reserved 1048576K
}
Event: 0.791 GC heap after
{Heap after GC invocations=1 (full 0):
 garbage-first heap   total 524288K, used 10691K [0x0000000080000000, 0x0000000100000000)
  region size 1024K, 4 young (4096K), 4 survivors (4096K)
 Metaspace       used 10262K, committed 10368K, reserved 1064960K
  class space    used 1047K, committed 1088K, reserved 1048576K
}
Event: 1.207 GC heap before
{Heap before GC invocations=1 (full 0):
 garbage-first heap   total 524288K, used 41411K [0x0000000080000000, 0x0000000100000000)
  region size 1024K, 34 young (34816K), 4 survivors (4096K)
 Metaspace       used 11201K, committed 11456K, reserved 1064960K
  class space    used 1154K, committed 1280K, reserved 1048576K
}
Event: 1.210 GC heap after
{Heap after GC invocations=2 (full 0):
 garbage-first heap   total 524288K, used 14835K [0x0000000080000000, 0x0000000100000000)
  region size 1024K, 5 young (5120K), 5 survivors (5120K)
 Metaspace       used 11201K, committed 11456K, reserved 1064960K
  class space    used 1154K, committed 1280K, reserved 1048576K
}
Event: 2.024 GC heap before
{Heap before GC invocations=2 (full 0):
 garbage-first heap   total 524288K, used 49651K [0x0000000080000000, 0x0000000100000000)
  region size 1024K, 40 young (40960K), 5 survivors (5120K)
 Metaspace       used 21219K, committed 21504K, reserved 1073152K
  class space    used 2572K, committed 2752K, reserved 1048576K
}
Event: 2.029 GC heap after
{Heap after GC invocations=3 (full 0):
 garbage-first heap   total 524288K, used 18695K [0x0000000080000000, 0x0000000100000000)
  region size 1024K, 8 young (8192K), 8 survivors (8192K)
 Metaspace       used 21219K, committed 21504K, reserved 1073152K
  class space    used 2572K, committed 2752K, reserved 1048576K
}
Event: 2.462 GC heap before
{Heap before GC invocations=4 (full 0):
 garbage-first heap   total 68608K, used 51463K [0x0000000080000000, 0x0000000100000000)
  region size 1024K, 40 young (40960K), 8 survivors (8192K)
 Metaspace       used 26083K, committed 26368K, reserved 1073152K
  class space    used 3410K, committed 3520K, reserved 1048576K
}
Event: 2.466 GC heap after
{Heap after GC invocations=5 (full 0):
 garbage-first heap   total 68608K, used 20849K [0x0000000080000000, 0x0000000100000000)
  region size 1024K, 3 young (3072K), 3 survivors (3072K)
 Metaspace       used 26083K, committed 26368K, reserved 1073152K
  class space    used 3410K, committed 3520K, reserved 1048576K
}
Event: 2.800 GC heap before
{Heap before GC invocations=5 (full 0):
 garbage-first heap   total 68608K, used 46449K [0x0000000080000000, 0x0000000100000000)
  region size 1024K, 28 young (28672K), 3 survivors (3072K)
 Metaspace       used 30055K, committed 30272K, reserved 1081344K
  class space    used 4060K, committed 4160K, reserved 1048576K
}
Event: 2.802 GC heap after
{Heap after GC invocations=6 (full 0):
 garbage-first heap   total 68608K, used 22321K [0x0000000080000000, 0x0000000100000000)
  region size 1024K, 4 young (4096K), 4 survivors (4096K)
 Metaspace       used 30055K, committed 30272K, reserved 1081344K
  class space    used 4060K, committed 4160K, reserved 1048576K
}

Dll operation events (2 events):
Event: 0.007 Loaded shared library C:\Program Files\Android\Android Studio\jbr\bin\java.dll
Event: 0.438 Loaded shared library C:\Program Files\Android\Android Studio\jbr\bin\verify.dll

Deoptimization events (20 events):
Event: 2.490 Thread 0x00000259a2d318a0 Uncommon trap: trap_request=0xffffff45 fr.pc=0x000002598ffeed74 relative=0x00000000000000d4
Event: 2.490 Thread 0x00000259a2d318a0 Uncommon trap: reason=unstable_if action=reinterpret pc=0x000002598ffeed74 method=java.util.HashMap.hash(Ljava/lang/Object;)I @ 1 c2
Event: 2.490 Thread 0x00000259a2d318a0 DEOPT PACKING pc=0x000002598ffeed74 sp=0x000000e91b8f9960
Event: 2.490 Thread 0x00000259a2d318a0 DEOPT UNPACKING pc=0x000002598f8c69a3 sp=0x000000e91b8f98a0 mode 2
Event: 2.621 Thread 0x00000259a2d318a0 Uncommon trap: trap_request=0xffffff76 fr.pc=0x0000025990102900 relative=0x0000000000000160
Event: 2.621 Thread 0x00000259a2d318a0 Uncommon trap: reason=predicate action=maybe_recompile pc=0x0000025990102900 method=com.google.common.base.CharMatcher.indexIn(Ljava/lang/CharSequence;I)I @ 19 c2
Event: 2.621 Thread 0x00000259a2d318a0 DEOPT PACKING pc=0x0000025990102900 sp=0x000000e91b8fb300
Event: 2.621 Thread 0x00000259a2d318a0 DEOPT UNPACKING pc=0x000002598f8c69a3 sp=0x000000e91b8fb290 mode 2
Event: 2.675 Thread 0x00000259a2d318a0 Uncommon trap: trap_request=0xffffff45 fr.pc=0x00000259900994f4 relative=0x00000000000005d4
Event: 2.675 Thread 0x00000259a2d318a0 Uncommon trap: reason=unstable_if action=reinterpret pc=0x00000259900994f4 method=java.util.Properties$LineReader.readLine()I @ 95 c2
Event: 2.675 Thread 0x00000259a2d318a0 DEOPT PACKING pc=0x00000259900994f4 sp=0x000000e91b8fafe0
Event: 2.675 Thread 0x00000259a2d318a0 DEOPT UNPACKING pc=0x000002598f8c69a3 sp=0x000000e91b8faf90 mode 2
Event: 2.723 Thread 0x00000259a2d318a0 DEOPT PACKING pc=0x00000259888b6154 sp=0x000000e91b8f2010
Event: 2.723 Thread 0x00000259a2d318a0 DEOPT UNPACKING pc=0x000002598f8c7143 sp=0x000000e91b8f1568 mode 0
Event: 2.818 Thread 0x00000259a2d318a0 Uncommon trap: trap_request=0xffffff45 fr.pc=0x0000025990010508 relative=0x00000000000005c8
Event: 2.818 Thread 0x00000259a2d318a0 Uncommon trap: reason=unstable_if action=reinterpret pc=0x0000025990010508 method=java.util.HashMap.hash(Ljava/lang/Object;)I @ 1 c2
Event: 2.818 Thread 0x00000259a2d318a0 DEOPT PACKING pc=0x0000025990010508 sp=0x000000e91b8f7860
Event: 2.818 Thread 0x00000259a2d318a0 DEOPT UNPACKING pc=0x000002598f8c69a3 sp=0x000000e91b8f7708 mode 2
Event: 2.912 Thread 0x00000259a2d318a0 DEOPT PACKING pc=0x000002598891a992 sp=0x000000e91b8f8600
Event: 2.912 Thread 0x00000259a2d318a0 DEOPT UNPACKING pc=0x000002598f8c7143 sp=0x000000e91b8f7b10 mode 0

Classes unloaded (0 events):
No events

Classes redefined (0 events):
No events

Internal exceptions (20 events):
Event: 2.651 Thread 0x00000259a2d318a0 Exception <a 'java/lang/NoSuchMethodError'{0x000000008360fe58}: 'int java.lang.invoke.DirectMethodHandle$Holder.invokeVirtual(java.lang.Object, java.lang.Object, java.lang.Object)'> (0x000000008360fe58) 
thrown [s\src\hotspot\share\interpreter\linkResolver.cpp, line 771]
Event: 2.764 Thread 0x00000259a2d318a0 Exception <a 'java/lang/NoSuchMethodError'{0x0000000082d4f368}: 'java.lang.Object java.lang.invoke.DirectMethodHandle$Holder.invokeSpecialIFC(java.lang.Object, java.lang.Object, java.lang.Object, java.lang.Object)'> (0x0000000082d4f368) 
thrown [s\src\hotspot\share\interpreter\linkResolver.cpp, line 771]
Event: 2.818 Thread 0x00000259a2d318a0 Implicit null exception at 0x000002599000ff8c to 0x00000259900104e8
Event: 2.841 Thread 0x00000259a2d318a0 Exception <a 'java/lang/NoSuchMethodError'{0x000000009d5a9798}: 'java.lang.Object java.lang.invoke.DirectMethodHandle$Holder.invokeSpecial(java.lang.Object, java.lang.Object, java.lang.Object, java.lang.Object, java.lang.Object, java.lang.Object, java.lang.Object, java.lang.Object, java.lang.Object, java.lang.Object, java.lang.Object, java.lang.Object, java.lang.Object)'> (0x000000009d5a9798) 
thrown [s\src\hotspot\share\interpreter\linkResolver.cpp, line 771]
Event: 2.841 Thread 0x00000259a2d318a0 Exception <a 'java/lang/NoSuchMethodError'{0x000000009d5bb1c8}: 'java.lang.Object java.lang.invoke.DirectMethodHandle$Holder.newInvokeSpecial(java.lang.Object, java.lang.Object, java.lang.Object, java.lang.Object, java.lang.Object, java.lang.Object, java.lang.Object, java.lang.Object, java.lang.Object, java.lang.Object, java.lang.Object)'> (0x000000009d5bb1c8) 
thrown [s\src\hotspot\share\interpreter\linkResolver.cpp, line 771]
Event: 2.841 Thread 0x00000259a2d318a0 Exception <a 'java/lang/NoSuchMethodError'{0x000000009d5c0260}: 'java.lang.Object java.lang.invoke.Invokers$Holder.linkToTargetMethod(java.lang.Object, java.lang.Object, java.lang.Object, java.lang.Object, java.lang.Object, java.lang.Object, java.lang.Object, java.lang.Object, java.lang.Object, java.lang.Object, java.lang.Object)'> (0x000000009d5c0260) 
thrown [s\src\hotspot\share\interpreter\linkResolver.cpp, line 771]
Event: 2.843 Thread 0x00000259a2d318a0 Exception <a 'java/lang/NoSuchMethodError'{0x000000009d4042f8}: 'java.lang.Object java.lang.invoke.DirectMethodHandle$Holder.invokeSpecial(java.lang.Object, java.lang.Object, java.lang.Object, java.lang.Object, java.lang.Object, java.lang.Object, java.lang.Object, java.lang.Object, java.lang.Object, java.lang.Object, java.lang.Object, java.lang.Object, java.lang.Object, java.lang.Object)'> (0x000000009d4042f8) 
thrown [s\src\hotspot\share\interpreter\linkResolver.cpp, line 771]
Event: 2.843 Thread 0x00000259a2d318a0 Exception <a 'java/lang/NoSuchMethodError'{0x000000009d416678}: 'java.lang.Object java.lang.invoke.DirectMethodHandle$Holder.newInvokeSpecial(java.lang.Object, java.lang.Object, java.lang.Object, java.lang.Object, java.lang.Object, java.lang.Object, java.lang.Object, java.lang.Object, java.lang.Object, java.lang.Object, java.lang.Object, java.lang.Object)'> (0x000000009d416678) 
thrown [s\src\hotspot\share\interpreter\linkResolver.cpp, line 771]
Event: 2.844 Thread 0x00000259a2d318a0 Exception <a 'java/lang/NoSuchMethodError'{0x000000009d41c010}: 'java.lang.Object java.lang.invoke.Invokers$Holder.linkToTargetMethod(java.lang.Object, java.lang.Object, java.lang.Object, java.lang.Object, java.lang.Object, java.lang.Object, java.lang.Object, java.lang.Object, java.lang.Object, java.lang.Object, java.lang.Object, java.lang.Object)'> (0x000000009d41c010) 
thrown [s\src\hotspot\share\interpreter\linkResolver.cpp, line 771]
Event: 2.852 Thread 0x00000259a2d318a0 Exception <a 'java/lang/NoSuchMethodError'{0x000000009d4ab178}: 'java.lang.Object java.lang.invoke.DirectMethodHandle$Holder.invokeStaticInit(java.lang.Object, java.lang.Object, java.lang.Object, java.lang.Object)'> (0x000000009d4ab178) 
thrown [s\src\hotspot\share\interpreter\linkResolver.cpp, line 771]
Event: 2.935 Thread 0x00000259a2d318a0 Exception <a 'java/lang/NoSuchMethodError'{0x00000000835cc490}: 'java.lang.Object java.lang.invoke.DirectMethodHandle$Holder.newInvokeSpecial(java.lang.Object, java.lang.Object, java.lang.Object, java.lang.Object, java.lang.Object, java.lang.Object, java.lang.Object, java.lang.Object)'> (0x00000000835cc490) 
thrown [s\src\hotspot\share\interpreter\linkResolver.cpp, line 771]
Event: 2.936 Thread 0x00000259a2d318a0 Exception <a 'java/lang/NoSuchMethodError'{0x00000000835d2270}: 'java.lang.Object java.lang.invoke.Invokers$Holder.linkToTargetMethod(java.lang.Object, java.lang.Object, java.lang.Object, java.lang.Object, java.lang.Object, java.lang.Object, java.lang.Object, java.lang.Object)'> (0x00000000835d2270) 
thrown [s\src\hotspot\share\interpreter\linkResolver.cpp, line 771]
Event: 2.940 Thread 0x00000259a2d318a0 Exception <a 'java/lang/IncompatibleClassChangeError'{0x00000000834348b0}: Found class java.lang.Object, but interface was expected> (0x00000000834348b0) 
thrown [s\src\hotspot\share\interpreter\linkResolver.cpp, line 838]
Event: 3.001 Thread 0x00000259a2d318a0 Exception <a 'java/lang/NoSuchMethodError'{0x0000000082e49ee8}: 'int java.lang.invoke.DirectMethodHandle$Holder.invokeStaticInit(java.lang.Object, java.lang.Object, java.lang.Object)'> (0x0000000082e49ee8) 
thrown [s\src\hotspot\share\interpreter\linkResolver.cpp, line 771]
Event: 3.002 Thread 0x00000259a2d318a0 Exception <a 'java/lang/NoSuchMethodError'{0x0000000082e5ef20}: 'java.lang.Object java.lang.invoke.DirectMethodHandle$Holder.newInvokeSpecial(java.lang.Object, java.lang.Object, long)'> (0x0000000082e5ef20) 
thrown [s\src\hotspot\share\interpreter\linkResolver.cpp, line 771]
Event: 3.002 Thread 0x00000259a2d318a0 Exception <a 'java/lang/NoSuchMethodError'{0x0000000082e63778}: 'java.lang.Object java.lang.invoke.Invokers$Holder.linkToTargetMethod(java.lang.Object, long, java.lang.Object)'> (0x0000000082e63778) 
thrown [s\src\hotspot\share\interpreter\linkResolver.cpp, line 771]
Event: 3.015 Thread 0x00000259a2d318a0 Exception <a 'java/lang/NoSuchMethodError'{0x0000000082d5ff80}: 'int java.lang.invoke.DirectMethodHandle$Holder.invokeInterface(java.lang.Object, java.lang.Object)'> (0x0000000082d5ff80) 
thrown [s\src\hotspot\share\interpreter\linkResolver.cpp, line 771]
Event: 3.017 Thread 0x00000259a2d318a0 Exception <a 'java/lang/NoSuchMethodError'{0x0000000082d83b38}: 'java.lang.Object java.lang.invoke.DirectMethodHandle$Holder.invokeStatic(java.lang.Object, java.lang.Object, int, java.lang.Object)'> (0x0000000082d83b38) 
thrown [s\src\hotspot\share\interpreter\linkResolver.cpp, line 771]
Event: 3.017 Thread 0x00000259a2d318a0 Exception <a 'java/lang/NoSuchMethodError'{0x0000000082d8b6f0}: 'java.lang.Object java.lang.invoke.DirectMethodHandle$Holder.newInvokeSpecial(java.lang.Object, java.lang.Object, int, java.lang.Object)'> (0x0000000082d8b6f0) 
thrown [s\src\hotspot\share\interpreter\linkResolver.cpp, line 771]
Event: 3.017 Thread 0x00000259a2d318a0 Exception <a 'java/lang/NoSuchMethodError'{0x0000000082d8ffd8}: 'java.lang.Object java.lang.invoke.DirectMethodHandle$Holder.invokeSpecial(java.lang.Object, java.lang.Object, java.lang.Object, int, java.lang.Object)'> (0x0000000082d8ffd8) 
thrown [s\src\hotspot\share\interpreter\linkResolver.cpp, line 771]

VM Operations (20 events):
Event: 2.042 Executing VM operation: G1Concurrent
Event: 2.043 Executing VM operation: G1Concurrent done
Event: 2.184 Executing VM operation: HandshakeAllThreads
Event: 2.184 Executing VM operation: HandshakeAllThreads done
Event: 2.184 Executing VM operation: HandshakeAllThreads
Event: 2.184 Executing VM operation: HandshakeAllThreads done
Event: 2.462 Executing VM operation: G1CollectForAllocation
Event: 2.466 Executing VM operation: G1CollectForAllocation done
Event: 2.800 Executing VM operation: G1CollectForAllocation
Event: 2.802 Executing VM operation: G1CollectForAllocation done
Event: 2.819 Executing VM operation: HandshakeAllThreads
Event: 2.820 Executing VM operation: HandshakeAllThreads done
Event: 2.932 Executing VM operation: HandshakeAllThreads
Event: 2.932 Executing VM operation: HandshakeAllThreads done
Event: 3.030 Executing VM operation: HandshakeAllThreads
Event: 3.030 Executing VM operation: HandshakeAllThreads done
Event: 3.044 Executing VM operation: HandshakeAllThreads
Event: 3.044 Executing VM operation: HandshakeAllThreads done
Event: 3.049 Executing VM operation: ICBufferFull
Event: 3.062 Executing VM operation: ICBufferFull done

Events (20 events):
Event: 2.993 loading class java/lang/Process done
Event: 2.993 loading class java/lang/ProcessBuilder
Event: 2.993 loading class java/lang/ProcessBuilder done
Event: 3.008 loading class java/nio/file/FileTreeWalker
Event: 3.008 loading class java/nio/file/FileTreeWalker done
Event: 3.008 loading class java/nio/file/FileTreeWalker$DirectoryNode
Event: 3.008 loading class java/nio/file/FileTreeWalker$DirectoryNode done
Event: 3.008 loading class java/nio/file/FileTreeWalker$Event
Event: 3.008 loading class java/nio/file/FileTreeWalker$Event done
Event: 3.008 loading class java/nio/file/FileTreeWalker$EventType
Event: 3.008 loading class java/nio/file/FileTreeWalker$EventType done
Event: 3.008 loading class java/nio/file/Files$3
Event: 3.008 loading class java/nio/file/Files$3 done
Event: 3.009 loading class java/nio/file/FileVisitResult
Event: 3.009 loading class java/nio/file/FileVisitResult done
Event: 3.018 Thread 0x00000259a5e0f700 Thread added: 0x00000259a5e0f700
Event: 3.019 loading class sun/nio/fs/WindowsPath$1
Event: 3.019 loading class sun/nio/fs/WindowsPath$1 done
Event: 3.041 loading class java/nio/charset/CharacterCodingException
Event: 3.041 loading class java/nio/charset/CharacterCodingException done


Dynamic libraries:
0x00007ff66ba80000 - 0x00007ff66ba8a000 	C:\Program Files\Android\Android Studio\jbr\bin\java.exe
0x00007ffbb7a90000 - 0x00007ffbb7c87000 	C:\WINDOWS\SYSTEM32\ntdll.dll
0x00007ffbb5c40000 - 0x00007ffbb5cfd000 	C:\WINDOWS\System32\KERNEL32.DLL
0x00007ffbb53f0000 - 0x00007ffbb56e6000 	C:\WINDOWS\System32\KERNELBASE.dll
0x00007ffbb56f0000 - 0x00007ffbb57f0000 	C:\WINDOWS\System32\ucrtbase.dll
0x00007ffb94cb0000 - 0x00007ffb94ccb000 	C:\Program Files\Android\Android Studio\jbr\bin\VCRUNTIME140.dll
0x00007ffb94620000 - 0x00007ffb94637000 	C:\Program Files\Android\Android Studio\jbr\bin\jli.dll
0x00007ffbb6cd0000 - 0x00007ffbb6e6e000 	C:\WINDOWS\System32\USER32.dll
0x00007ffb9e000000 - 0x00007ffb9e29a000 	C:\WINDOWS\WinSxS\amd64_microsoft.windows.common-controls_6595b64144ccf1df_6.0.19041.3570_none_60bb2a3971f3e41a\COMCTL32.dll
0x00007ffbb5a90000 - 0x00007ffbb5ab2000 	C:\WINDOWS\System32\win32u.dll
0x00007ffbb6c30000 - 0x00007ffbb6cce000 	C:\WINDOWS\System32\msvcrt.dll
0x00007ffbb6a10000 - 0x00007ffbb6a3c000 	C:\WINDOWS\System32\GDI32.dll
0x00007ffbb52d0000 - 0x00007ffbb53ea000 	C:\WINDOWS\System32\gdi32full.dll
0x00007ffbb57f0000 - 0x00007ffbb588d000 	C:\WINDOWS\System32\msvcp_win.dll
0x00007ffbb7870000 - 0x00007ffbb78a0000 	C:\WINDOWS\System32\IMM32.DLL
0x00007ffb90400000 - 0x00007ffb9040c000 	C:\Program Files\Android\Android Studio\jbr\bin\vcruntime140_1.dll
0x00007ffb33860000 - 0x00007ffb338ed000 	C:\Program Files\Android\Android Studio\jbr\bin\msvcp140.dll
0x00007ffb2e3e0000 - 0x00007ffb2f04e000 	C:\Program Files\Android\Android Studio\jbr\bin\server\jvm.dll
0x00007ffbb5e20000 - 0x00007ffbb5ece000 	C:\WINDOWS\System32\ADVAPI32.dll
0x00007ffbb5ba0000 - 0x00007ffbb5c3c000 	C:\WINDOWS\System32\sechost.dll
0x00007ffbb6f70000 - 0x00007ffbb7096000 	C:\WINDOWS\System32\RPCRT4.dll
0x00007ffbacac0000 - 0x00007ffbacae7000 	C:\WINDOWS\SYSTEM32\WINMM.dll
0x00007ffbb04f0000 - 0x00007ffbb04f9000 	C:\WINDOWS\SYSTEM32\WSOCK32.dll
0x00007ffbae6d0000 - 0x00007ffbae6da000 	C:\WINDOWS\SYSTEM32\VERSION.dll
0x00007ffbb65e0000 - 0x00007ffbb664b000 	C:\WINDOWS\System32\WS2_32.dll
0x00007ffbb31d0000 - 0x00007ffbb31e2000 	C:\WINDOWS\SYSTEM32\kernel.appcore.dll
0x00007ffbac680000 - 0x00007ffbac68a000 	C:\Program Files\Android\Android Studio\jbr\bin\jimage.dll
0x00007ffbb2e50000 - 0x00007ffbb3034000 	C:\WINDOWS\SYSTEM32\DBGHELP.DLL
0x00007ffba03c0000 - 0x00007ffba03f4000 	C:\WINDOWS\SYSTEM32\dbgcore.DLL
0x00007ffbb5950000 - 0x00007ffbb59d2000 	C:\WINDOWS\System32\bcryptPrimitives.dll
0x00007ffb94ce0000 - 0x00007ffb94d05000 	C:\Program Files\Android\Android Studio\jbr\bin\java.dll
0x00007ffba6230000 - 0x00007ffba6248000 	C:\Program Files\Android\Android Studio\jbr\bin\zip.dll
0x00007ffbb70a0000 - 0x00007ffbb77e4000 	C:\WINDOWS\System32\SHELL32.dll
0x00007ffbb31f0000 - 0x00007ffbb398b000 	C:\WINDOWS\SYSTEM32\windows.storage.dll
0x00007ffbb6650000 - 0x00007ffbb69a4000 	C:\WINDOWS\System32\combase.dll
0x00007ffbb4ad0000 - 0x00007ffbb4afd000 	C:\WINDOWS\SYSTEM32\Wldp.dll
0x00007ffbb79a0000 - 0x00007ffbb7a4d000 	C:\WINDOWS\System32\SHCORE.dll
0x00007ffbb6a40000 - 0x00007ffbb6a95000 	C:\WINDOWS\System32\shlwapi.dll
0x00007ffbb50a0000 - 0x00007ffbb50c5000 	C:\WINDOWS\SYSTEM32\profapi.dll
0x00007ffba04e0000 - 0x00007ffba04f9000 	C:\Program Files\Android\Android Studio\jbr\bin\net.dll
0x00007ffbae7d0000 - 0x00007ffbae8da000 	C:\WINDOWS\SYSTEM32\WINHTTP.dll
0x00007ffbb48b0000 - 0x00007ffbb491a000 	C:\WINDOWS\system32\mswsock.dll
0x00007ffb947b0000 - 0x00007ffb947c6000 	C:\Program Files\Android\Android Studio\jbr\bin\nio.dll
0x00007ffbac670000 - 0x00007ffbac680000 	C:\Program Files\Android\Android Studio\jbr\bin\verify.dll
0x00007ffb85a60000 - 0x00007ffb85a87000 	C:\Users\johnl\.gradle\native\68d5fa5c4cc2d200863cafc0d521ce42e7d3e7ee720ec0a83991735586a16f82\windows-amd64\native-platform.dll
0x00007ffb26d70000 - 0x00007ffb26eb4000 	C:\Users\johnl\.gradle\native\e376f236ea51e6404a007f0833ffe2c6e607c4080706a723a18a27aeea778392\windows-amd64\native-platform-file-events.dll
0x00007ffba0420000 - 0x00007ffba0429000 	C:\Program Files\Android\Android Studio\jbr\bin\management.dll
0x00007ffb98760000 - 0x00007ffb9876b000 	C:\Program Files\Android\Android Studio\jbr\bin\management_ext.dll
0x00007ffbb65d0000 - 0x00007ffbb65d8000 	C:\WINDOWS\System32\PSAPI.DLL
0x00007ffbb4b10000 - 0x00007ffbb4b28000 	C:\WINDOWS\SYSTEM32\CRYPTSP.dll
0x00007ffbb4170000 - 0x00007ffbb41a4000 	C:\WINDOWS\system32\rsaenh.dll
0x00007ffbb5ac0000 - 0x00007ffbb5ae7000 	C:\WINDOWS\System32\bcrypt.dll
0x00007ffbb5060000 - 0x00007ffbb508e000 	C:\WINDOWS\SYSTEM32\USERENV.dll
0x00007ffbb4a40000 - 0x00007ffbb4a4c000 	C:\WINDOWS\SYSTEM32\CRYPTBASE.dll
0x00007ffbb4570000 - 0x00007ffbb45ab000 	C:\WINDOWS\SYSTEM32\IPHLPAPI.DLL
0x00007ffbb5fa0000 - 0x00007ffbb5fa8000 	C:\WINDOWS\System32\NSI.dll
0x00007ffbaeb70000 - 0x00007ffbaeb87000 	C:\WINDOWS\SYSTEM32\dhcpcsvc6.DLL
0x00007ffbafa40000 - 0x00007ffbafa5d000 	C:\WINDOWS\SYSTEM32\dhcpcsvc.DLL
0x00007ffbb45b0000 - 0x00007ffbb467a000 	C:\WINDOWS\SYSTEM32\DNSAPI.dll
0x00007ffb92f80000 - 0x00007ffb92f87000 	C:\WINDOWS\system32\wshunix.dll

dbghelp: loaded successfully - version: 4.0.5 - missing functions: none
symbol engine: initialized successfully - sym options: 0x614 - pdb path: .;C:\Program Files\Android\Android Studio\jbr\bin;C:\WINDOWS\SYSTEM32;C:\WINDOWS\WinSxS\amd64_microsoft.windows.common-controls_6595b64144ccf1df_6.0.19041.3570_none_60bb2a3971f3e41a;C:\Program Files\Android\Android Studio\jbr\bin\server;C:\Users\johnl\.gradle\native\68d5fa5c4cc2d200863cafc0d521ce42e7d3e7ee720ec0a83991735586a16f82\windows-amd64;C:\Users\johnl\.gradle\native\e376f236ea51e6404a007f0833ffe2c6e607c4080706a723a18a27aeea778392\windows-amd64

VM Arguments:
jvm_args: --add-opens=java.base/java.util=ALL-UNNAMED --add-opens=java.base/java.lang=ALL-UNNAMED --add-opens=java.base/java.lang.invoke=ALL-UNNAMED --add-opens=java.prefs/java.util.prefs=ALL-UNNAMED --add-opens=java.base/java.nio.charset=ALL-UNNAMED --add-opens=java.base/java.net=ALL-UNNAMED --add-opens=java.base/java.util.concurrent.atomic=ALL-UNNAMED -Xmx2048m -Dfile.encoding=UTF-8 -Duser.country=US -Duser.language=en -Duser.variant 
java_command: org.gradle.launcher.daemon.bootstrap.GradleDaemon 8.0
java_class_path (initial): C:\Users\johnl\.gradle\wrapper\dists\gradle-8.0-bin\ca5e32bp14vu59qr306oxotwh\gradle-8.0\lib\gradle-launcher-8.0.jar
Launcher Type: SUN_STANDARD

[Global flags]
     intx CICompilerCount                          = 12                                        {product} {ergonomic}
     uint ConcGCThreads                            = 3                                         {product} {ergonomic}
     uint G1ConcRefinementThreads                  = 13                                        {product} {ergonomic}
   size_t G1HeapRegionSize                         = 1048576                                   {product} {ergonomic}
    uintx GCDrainStackTargetSize                   = 64                                        {product} {ergonomic}
   size_t InitialHeapSize                          = 536870912                                 {product} {ergonomic}
   size_t MarkStackSize                            = 4194304                                   {product} {ergonomic}
   size_t MaxHeapSize                              = 2147483648                                {product} {command line}
   size_t MaxNewSize                               = 1287651328                                {product} {ergonomic}
   size_t MinHeapDeltaBytes                        = 1048576                                   {product} {ergonomic}
   size_t MinHeapSize                              = 8388608                                   {product} {ergonomic}
    uintx NonNMethodCodeHeapSize                   = 7602480                                {pd product} {ergonomic}
    uintx NonProfiledCodeHeapSize                  = 122027880                              {pd product} {ergonomic}
    uintx ProfiledCodeHeapSize                     = 122027880                              {pd product} {ergonomic}
    uintx ReservedCodeCacheSize                    = 251658240                              {pd product} {ergonomic}
     bool SegmentedCodeCache                       = true                                      {product} {ergonomic}
   size_t SoftMaxHeapSize                          = 2147483648                             {manageable} {ergonomic}
     bool UseCompressedClassPointers               = true                           {product lp64_product} {ergonomic}
     bool UseCompressedOops                        = true                           {product lp64_product} {ergonomic}
     bool UseG1GC                                  = true                                      {product} {ergonomic}
     bool UseLargePagesIndividualAllocation        = false                                  {pd product} {ergonomic}

Logging:
Log output configuration:
 #0: stdout all=warning uptime,level,tags
 #1: stderr all=off uptime,level,tags

Environment Variables:
PATH=C:\Program Files (x86)\Common Files\Oracle\Java\javapath;C:\Program Files\Eclipse Adoptium\jdk-17.0.3.7-hotspot\bin;C:\WINDOWS\system32;C:\WINDOWS;C:\WINDOWS\System32\Wbem;C:\WINDOWS\System32\WindowsPowerShell\v1.0\;C:\WINDOWS\System32\OpenSSH\;C:\Program Files\Git\cmd;C:\Program Files (x86)\Calibre2\;C:\Program Files\dotnet\;C:\Program Files\Docker\Docker\resources\bin;C:\Program Files\nodejs\;C:\Program Files\MySQL\MySQL Shell 8.0\bin\;C:\Users\johnl\anaconda3;C:\Users\johnl\anaconda3\Library\mingw-w64\bin;C:\Users\johnl\anaconda3\Library\usr\bin;C:\Users\johnl\anaconda3\Library\bin;C:\Users\johnl\anaconda3\Scripts;C:\Users\johnl\AppData\Local\Microsoft\WindowsApps;C:\Users\johnl\AppData\Local\Programs\Microsoft VS Code\bin;C:\Users\johnl\AppData\Local\GitHubDesktop\bin;C:\Users\johnl\AppData\Roaming\npm;C:\Program Files\MySQL\MySQL Server 8.0\bin;C:\msys64\mingw64\bin;
USERNAME=johnl
OS=Windows_NT
PROCESSOR_IDENTIFIER=AMD64 Family 23 Model 113 Stepping 0, AuthenticAMD
TMP=C:\Users\johnl\AppData\Local\Temp
TEMP=C:\Users\johnl\AppData\Local\Temp


JNI global refs:
JNI global refs: 32, weak refs: 0

JNI global refs memory usage: 843, weak refs: 841


---------------  S Y S T E M  ---------------

OS:
 Windows 10 , 64 bit Build 19041 (10.0.19041.3570)
OS uptime: 0 days 20:48 hours
Hyper-V role detected

CPU: total 16 (initial active 16) (16 cores per cpu, 2 threads per core) family 23 model 113 stepping 0 microcode 0x0, cx8, cmov, fxsr, ht, mmx, 3dnowpref, sse, sse2, sse3, ssse3, sse4a, sse4.1, sse4.2, popcnt, lzcnt, tsc, tscinvbit, avx, avx2, aes, clmul, bmi1, bmi2, adx, sha, fma, vzeroupper, clflush, clflushopt, hv

Memory: 4k page, system-wide physical 32694M (16258M free)
TotalPageFile size 37558M (AvailPageFile size 14728M)
current process WorkingSet (physical memory assigned to process): 213M, peak: 213M
current process commit charge ("private bytes"): 266M, peak: 675M

vm_info: OpenJDK 64-Bit Server VM (17.0.6+0-b2043.56-10027231) for windows-amd64 JRE (17.0.6+0-b2043.56-10027231), built on Apr 28 2023 00:43:19 by "androidbuild" with MS VC++ 16.10 / 16.11 (VS2019)

END.
